# Logfile created on 2014-02-02 23:58:30 -0800 by logger.rb/36483
I, [2014-02-02T23:58:30.585524 #48678]  INFO -- : 0:  builder (3.2.2) from /Library/Ruby/Gems/2.0.0/specifications/builder-3.2.2.gemspec
I, [2014-02-02T23:58:30.587391 #48678]  INFO -- : 0:  json (1.8.1) from /Library/Ruby/Gems/2.0.0/specifications/json-1.8.1.gemspec
E, [2014-02-02T23:58:36.457197 #48678] ERROR -- : Errno::EACCES: Permission denied - /Library/Ruby/Gems/2.0.0/build_info/multi_json-1.8.4.info
/System/Library/Frameworks/Ruby.framework/Versions/2.0/usr/lib/ruby/2.0.0/open-uri.rb:36:in `initialize'  \n/System/Library/Frameworks/Ruby.framework/Versions/2.0/usr/lib/ruby/2.0.0/open-uri.rb:36:in `open'  \n/System/Library/Frameworks/Ruby.framework/Versions/2.0/usr/lib/ruby/2.0.0/open-uri.rb:36:in `open'  \n/System/Library/Frameworks/Ruby.framework/Versions/2.0/usr/lib/ruby/2.0.0/rubygems/installer.rb:776:in `write_build_info_file'  \n/System/Library/Frameworks/Ruby.framework/Versions/2.0/usr/lib/ruby/2.0.0/rubygems/installer.rb:219:in `install'  \n/Library/Ruby/Gems/2.0.0/gems/bundler-1.5.1/lib/bundler/source/rubygems.rb:101:in `block in install'  \n/Library/Ruby/Gems/2.0.0/gems/bundler-1.5.1/lib/bundler/rubygems_integration.rb:118:in `preserve_paths'  \n/Library/Ruby/Gems/2.0.0/gems/bundler-1.5.1/lib/bundler/source/rubygems.rb:94:in `install'  \n/Library/Ruby/Gems/2.0.0/gems/bundler-1.5.1/lib/bundler/installer.rb:111:in `block in install_gem_from_spec'  \n/Library/Ruby/Gems/2.0.0/gems/bundler-1.5.1/lib/bundler/rubygems_integration.rb:150:in `with_build_args'  \n/Library/Ruby/Gems/2.0.0/gems/bundler-1.5.1/lib/bundler/installer.rb:110:in `install_gem_from_spec'  \n/Library/Ruby/Gems/2.0.0/gems/bundler-1.5.1/lib/bundler/installer.rb:295:in `block in install_sequentially'  \n/System/Library/Frameworks/Ruby.framework/Versions/2.0/usr/lib/ruby/2.0.0/forwardable.rb:171:in `each'  \n/System/Library/Frameworks/Ruby.framework/Versions/2.0/usr/lib/ruby/2.0.0/forwardable.rb:171:in `each'  \n/Library/Ruby/Gems/2.0.0/gems/bundler-1.5.1/lib/bundler/installer.rb:294:in `install_sequentially'  \n/Library/Ruby/Gems/2.0.0/gems/bundler-1.5.1/lib/bundler/installer.rb:97:in `run'  \n/Library/Ruby/Gems/2.0.0/gems/bundler-1.5.1/lib/bundler/installer.rb:15:in `install'  \n/Library/Ruby/Gems/2.0.0/gems/bundler-1.5.1/lib/bundler/cli.rb:257:in `install'  \n/Library/Ruby/Gems/2.0.0/gems/bundler-1.5.1/lib/bundler/vendor/thor/command.rb:27:in `run'  \n/Library/Ruby/Gems/2.0.0/gems/bundler-1.5.1/lib/bundler/vendor/thor/invocation.rb:120:in `invoke_command'  \n/Library/Ruby/Gems/2.0.0/gems/bundler-1.5.1/lib/bundler/vendor/thor.rb:363:in `dispatch'  \n/Library/Ruby/Gems/2.0.0/gems/bundler-1.5.1/lib/bundler/vendor/thor/base.rb:438:in `start'  \n/Library/Ruby/Gems/2.0.0/gems/bundler-1.5.1/lib/bundler/cli.rb:10:in `start'  \n/Library/Ruby/Gems/2.0.0/gems/bundler-1.5.1/bin/bundle:22:in `block in <top (required)>'  \n/Library/Ruby/Gems/2.0.0/gems/bundler-1.5.1/lib/bundler/friendly_errors.rb:5:in `with_friendly_errors'  \n/Library/Ruby/Gems/2.0.0/gems/bundler-1.5.1/bin/bundle:22:in `<top (required)>'  \n/usr/bin/bundle:23:in `load'  \n/usr/bin/bundle:23:in `<main>'
I, [2014-02-02T23:58:45.774968 #48716]  INFO -- : 0:  builder (3.2.2) from /Library/Ruby/Gems/2.0.0/specifications/builder-3.2.2.gemspec
I, [2014-02-02T23:58:45.775318 #48716]  INFO -- : 0:  json (1.8.1) from /Library/Ruby/Gems/2.0.0/specifications/json-1.8.1.gemspec
I, [2014-02-02T23:58:45.802499 #48716]  INFO -- : 0:  multi_json (1.8.4) from /Library/Ruby/Gems/2.0.0/specifications/multi_json-1.8.4.gemspec
I, [2014-02-02T23:58:46.872558 #48716]  INFO -- : 0:  jwt (0.1.11) from /Library/Ruby/Gems/2.0.0/specifications/jwt-0.1.11.gemspec
I, [2014-02-02T23:58:47.877843 #48716]  INFO -- : 0:  logger (1.2.8) from /Library/Ruby/Gems/2.0.0/specifications/logger-1.2.8.gemspec
I, [2014-02-02T23:58:47.878154 #48716]  INFO -- : 0:  nokogiri (1.5.11) from /Library/Ruby/Gems/2.0.0/specifications/nokogiri-1.5.11.gemspec
I, [2014-02-02T23:58:47.878395 #48716]  INFO -- : 0:  parseconfig (1.0.4) from /Library/Ruby/Gems/2.0.0/specifications/parseconfig-1.0.4.gemspec
I, [2014-02-02T23:58:47.878635 #48716]  INFO -- : 0:  rack (1.5.2) from /Library/Ruby/Gems/2.0.0/specifications/rack-1.5.2.gemspec
I, [2014-02-02T23:58:48.542003 #48716]  INFO -- : 0:  rack-protection (1.5.2) from /Library/Ruby/Gems/2.0.0/specifications/rack-protection-1.5.2.gemspec
I, [2014-02-02T23:58:48.542345 #48716]  INFO -- : 0:  ruby-hmac (0.4.0) from /Library/Ruby/Gems/2.0.0/specifications/ruby-hmac-0.4.0.gemspec
I, [2014-02-02T23:58:48.542577 #48716]  INFO -- : 0:  route53 (0.3.0) from /Library/Ruby/Gems/2.0.0/specifications/route53-0.3.0.gemspec
I, [2014-02-02T23:58:48.542808 #48716]  INFO -- : 0:  tilt (1.4.1) from /Library/Ruby/Gems/2.0.0/specifications/tilt-1.4.1.gemspec
I, [2014-02-02T23:58:48.543030 #48716]  INFO -- : 0:  sinatra (1.4.4) from /Library/Ruby/Gems/2.0.0/specifications/sinatra-1.4.4.gemspec
I, [2014-02-02T23:58:49.719294 #48716]  INFO -- : 0:  twilio-ruby (3.11.4) from /Library/Ruby/Gems/2.0.0/specifications/twilio-ruby-3.11.4.gemspec
I, [2014-02-02T23:58:49.719695 #48716]  INFO -- : 0:  bundler (1.5.1) from /Library/Ruby/Gems/2.0.0/specifications/bundler-1.5.1.gemspec
